<?xml version="1.0" encoding="UTF-8"?>
<coverage generated="1695830107035" clover="3.2.0">
  <project timestamp="1695830107036" name="All files">
    <metrics statements="30" coveredstatements="23" conditionals="2" coveredconditionals="2" methods="14" coveredmethods="11" elements="46" coveredelements="36" complexity="0" loc="30" ncloc="30" packages="9" files="9" classes="9"/>
    <package name="components.Colors">
      <metrics statements="3" coveredstatements="3" conditionals="2" coveredconditionals="2" methods="2" coveredmethods="2"/>
      <file name="index.tsx" path="/Users/paulomoutinho/Rocketseat/Ignite/dt-money/src/components/Colors/index.tsx">
        <metrics statements="3" coveredstatements="3" conditionals="2" coveredconditionals="2" methods="2" coveredmethods="2"/>
        <line num="5" count="1" type="stmt"/>
        <line num="6" count="1" type="stmt"/>
        <line num="7" count="16" type="stmt"/>
      </file>
    </package>
    <package name="components.Header">
      <metrics statements="2" coveredstatements="2" conditionals="0" coveredconditionals="0" methods="1" coveredmethods="1"/>
      <file name="index.tsx" path="/Users/paulomoutinho/Rocketseat/Ignite/dt-money/src/components/Header/index.tsx">
        <metrics statements="2" coveredstatements="2" conditionals="0" coveredconditionals="0" methods="1" coveredmethods="1"/>
        <line num="16" count="2" type="stmt"/>
        <line num="17" count="2" type="stmt"/>
      </file>
    </package>
    <package name="components.NewTransaction">
      <metrics statements="2" coveredstatements="2" conditionals="0" coveredconditionals="0" methods="1" coveredmethods="1"/>
      <file name="index.tsx" path="/Users/paulomoutinho/Rocketseat/Ignite/dt-money/src/components/NewTransaction/index.tsx">
        <metrics statements="2" coveredstatements="2" conditionals="0" coveredconditionals="0" methods="1" coveredmethods="1"/>
        <line num="11" count="2" type="stmt"/>
        <line num="12" count="2" type="stmt"/>
      </file>
    </package>
    <package name="components.SearchForm">
      <metrics statements="2" coveredstatements="2" conditionals="0" coveredconditionals="0" methods="1" coveredmethods="1"/>
      <file name="index.tsx" path="/Users/paulomoutinho/Rocketseat/Ignite/dt-money/src/components/SearchForm/index.tsx">
        <metrics statements="2" coveredstatements="2" conditionals="0" coveredconditionals="0" methods="1" coveredmethods="1"/>
        <line num="4" count="2" type="stmt"/>
        <line num="5" count="3" type="stmt"/>
      </file>
    </package>
    <package name="components.Summary">
      <metrics statements="2" coveredstatements="2" conditionals="0" coveredconditionals="0" methods="1" coveredmethods="1"/>
      <file name="index.tsx" path="/Users/paulomoutinho/Rocketseat/Ignite/dt-money/src/components/Summary/index.tsx">
        <metrics statements="2" coveredstatements="2" conditionals="0" coveredconditionals="0" methods="1" coveredmethods="1"/>
        <line num="5" count="1" type="stmt"/>
        <line num="6" count="1" type="stmt"/>
      </file>
    </package>
    <package name="components.Summary.SummaryCards">
      <metrics statements="2" coveredstatements="2" conditionals="0" coveredconditionals="0" methods="1" coveredmethods="1"/>
      <file name="index.tsx" path="/Users/paulomoutinho/Rocketseat/Ignite/dt-money/src/components/Summary/SummaryCards/index.tsx">
        <metrics statements="2" coveredstatements="2" conditionals="0" coveredconditionals="0" methods="1" coveredmethods="1"/>
        <line num="11" count="2" type="stmt"/>
        <line num="17" count="5" type="stmt"/>
      </file>
    </package>
    <package name="components.Transaction">
      <metrics statements="4" coveredstatements="4" conditionals="0" coveredconditionals="0" methods="2" coveredmethods="2"/>
      <file name="index.tsx" path="/Users/paulomoutinho/Rocketseat/Ignite/dt-money/src/components/Transaction/index.tsx">
        <metrics statements="4" coveredstatements="4" conditionals="0" coveredconditionals="0" methods="2" coveredmethods="2"/>
        <line num="14" count="2" type="stmt"/>
        <line num="15" count="4" type="stmt"/>
        <line num="18" count="2" type="stmt"/>
        <line num="25" count="4" type="stmt"/>
      </file>
    </package>
    <package name="contexts">
      <metrics statements="9" coveredstatements="2" conditionals="0" coveredconditionals="0" methods="3" coveredmethods="0"/>
      <file name="TransactionContext.tsx" path="/Users/paulomoutinho/Rocketseat/Ignite/dt-money/src/contexts/TransactionContext.tsx">
        <metrics statements="9" coveredstatements="2" conditionals="0" coveredconditionals="0" methods="3" coveredmethods="0"/>
        <line num="20" count="1" type="stmt"/>
        <line num="22" count="1" type="stmt"/>
        <line num="25" count="0" type="stmt"/>
        <line num="28" count="0" type="stmt"/>
        <line num="29" count="0" type="stmt"/>
        <line num="31" count="0" type="stmt"/>
        <line num="34" count="0" type="stmt"/>
        <line num="35" count="0" type="stmt"/>
        <line num="38" count="0" type="stmt"/>
      </file>
    </package>
    <package name="pages.Transactions">
      <metrics statements="4" coveredstatements="4" conditionals="0" coveredconditionals="0" methods="2" coveredmethods="2"/>
      <file name="index.tsx" path="/Users/paulomoutinho/Rocketseat/Ignite/dt-money/src/pages/Transactions/index.tsx">
        <metrics statements="4" coveredstatements="4" conditionals="0" coveredconditionals="0" methods="2" coveredmethods="2"/>
        <line num="8" count="1" type="stmt"/>
        <line num="9" count="1" type="stmt"/>
        <line num="11" count="1" type="stmt"/>
        <line num="17" count="2" type="stmt"/>
      </file>
    </package>
  </project>
</coverage>
