{"/Users/paulomoutinho/Rocketseat/Ignite/dt-money/src/components/Colors/index.tsx": {"path":"/Users/paulomoutinho/Rocketseat/Ignite/dt-money/src/components/Colors/index.tsx","statementMap":{"0":{"start":{"line":5,"column":26},"end":{"line":20,"column":1}},"1":{"start":{"line":6,"column":2},"end":{"line":19,"column":4}},"2":{"start":{"line":7,"column":4},"end":{"line":18,"column":5}}},"fnMap":{"0":{"name":"(anonymous_0)","decl":{"start":{"line":5,"column":26},"end":{"line":5,"column":27}},"loc":{"start":{"line":5,"column":32},"end":{"line":20,"column":1}},"line":5},"1":{"name":"(anonymous_1)","decl":{"start":{"line":6,"column":42},"end":{"line":6,"column":43}},"loc":{"start":{"line":6,"column":60},"end":{"line":19,"column":3}},"line":6}},"branchMap":{"0":{"loc":{"start":{"line":10,"column":19},"end":{"line":10,"column":69}},"type":"cond-expr","locations":[{"start":{"line":10,"column":54},"end":{"line":10,"column":60}},{"start":{"line":10,"column":63},"end":{"line":10,"column":69}}],"line":10}},"s":{"0":1,"1":1,"2":16},"f":{"0":1,"1":16},"b":{"0":[6,10]},"_coverageSchema":"1a1c01bbd47fc00a2c39e90264f33305004495a9","hash":"b4e5c66300790a6db14e7b5ae1e89cda15c271e5"}
,"/Users/paulomoutinho/Rocketseat/Ignite/dt-money/src/components/Header/index.tsx": {"path":"/Users/paulomoutinho/Rocketseat/Ignite/dt-money/src/components/Header/index.tsx","statementMap":{"0":{"start":{"line":16,"column":22},"end":{"line":33,"column":1}},"1":{"start":{"line":17,"column":2},"end":{"line":32,"column":3}}},"fnMap":{"0":{"name":"(anonymous_0)","decl":{"start":{"line":16,"column":22},"end":{"line":16,"column":23}},"loc":{"start":{"line":16,"column":64},"end":{"line":33,"column":1}},"line":16}},"branchMap":{},"s":{"0":2,"1":2},"f":{"0":2},"b":{},"_coverageSchema":"1a1c01bbd47fc00a2c39e90264f33305004495a9","hash":"535687e80686c4222fda5d7113a9e44f1fa27476"}
,"/Users/paulomoutinho/Rocketseat/Ignite/dt-money/src/components/NewTransaction/index.tsx": {"path":"/Users/paulomoutinho/Rocketseat/Ignite/dt-money/src/components/NewTransaction/index.tsx","statementMap":{"0":{"start":{"line":15,"column":33},"end":{"line":20,"column":2}},"1":{"start":{"line":24,"column":35},"end":{"line":102,"column":1}},"2":{"start":{"line":30,"column":6},"end":{"line":33,"column":4}},"3":{"start":{"line":35,"column":37},"end":{"line":43,"column":3}},"4":{"start":{"line":36,"column":4},"end":{"line":42,"column":5}},"5":{"start":{"line":37,"column":6},"end":{"line":37,"column":63}},"6":{"start":{"line":37,"column":37},"end":{"line":37,"column":62}},"7":{"start":{"line":39,"column":6},"end":{"line":39,"column":23}},"8":{"start":{"line":41,"column":6},"end":{"line":41,"column":48}},"9":{"start":{"line":45,"column":2},"end":{"line":101,"column":3}},"10":{"start":{"line":77,"column":14},"end":{"line":91,"column":15}}},"fnMap":{"0":{"name":"(anonymous_0)","decl":{"start":{"line":24,"column":35},"end":{"line":24,"column":36}},"loc":{"start":{"line":24,"column":41},"end":{"line":102,"column":1}},"line":24},"1":{"name":"(anonymous_1)","decl":{"start":{"line":35,"column":37},"end":{"line":35,"column":38}},"loc":{"start":{"line":35,"column":79},"end":{"line":43,"column":3}},"line":35},"2":{"name":"(anonymous_2)","decl":{"start":{"line":37,"column":24},"end":{"line":37,"column":25}},"loc":{"start":{"line":37,"column":37},"end":{"line":37,"column":62}},"line":37},"3":{"name":"(anonymous_3)","decl":{"start":{"line":76,"column":20},"end":{"line":76,"column":21}},"loc":{"start":{"line":76,"column":35},"end":{"line":92,"column":13}},"line":76}},"branchMap":{},"s":{"0":3,"1":3,"2":3,"3":3,"4":0,"5":0,"6":0,"7":0,"8":0,"9":3,"10":0},"f":{"0":3,"1":0,"2":0,"3":0},"b":{},"_coverageSchema":"1a1c01bbd47fc00a2c39e90264f33305004495a9","hash":"96ab4378df2152e4312f26aed2504fbed4c334a4"}
,"/Users/paulomoutinho/Rocketseat/Ignite/dt-money/src/components/SearchForm/index.tsx": {"path":"/Users/paulomoutinho/Rocketseat/Ignite/dt-money/src/components/SearchForm/index.tsx","statementMap":{"0":{"start":{"line":10,"column":25},"end":{"line":12,"column":2}},"1":{"start":{"line":16,"column":26},"end":{"line":48,"column":1}},"2":{"start":{"line":17,"column":32},"end":{"line":17,"column":63}},"3":{"start":{"line":23,"column":6},"end":{"line":25,"column":4}},"4":{"start":{"line":27,"column":35},"end":{"line":33,"column":3}},"5":{"start":{"line":28,"column":4},"end":{"line":30,"column":5}},"6":{"start":{"line":29,"column":6},"end":{"line":29,"column":36}},"7":{"start":{"line":32,"column":4},"end":{"line":32,"column":22}},"8":{"start":{"line":35,"column":2},"end":{"line":47,"column":3}}},"fnMap":{"0":{"name":"(anonymous_0)","decl":{"start":{"line":16,"column":26},"end":{"line":16,"column":27}},"loc":{"start":{"line":16,"column":32},"end":{"line":48,"column":1}},"line":16},"1":{"name":"(anonymous_1)","decl":{"start":{"line":27,"column":35},"end":{"line":27,"column":36}},"loc":{"start":{"line":27,"column":74},"end":{"line":33,"column":3}},"line":27}},"branchMap":{"0":{"loc":{"start":{"line":28,"column":4},"end":{"line":30,"column":5}},"type":"if","locations":[{"start":{"line":28,"column":4},"end":{"line":30,"column":5}},{"start":{},"end":{}}],"line":28}},"s":{"0":2,"1":2,"2":7,"3":7,"4":7,"5":2,"6":1,"7":2,"8":7},"f":{"0":7,"1":2},"b":{"0":[1,1]},"_coverageSchema":"1a1c01bbd47fc00a2c39e90264f33305004495a9","hash":"b11641f5071bb64ac3c1815cc4c524468197826e"}
,"/Users/paulomoutinho/Rocketseat/Ignite/dt-money/src/components/Summary/index.tsx": {"path":"/Users/paulomoutinho/Rocketseat/Ignite/dt-money/src/components/Summary/index.tsx","statementMap":{"0":{"start":{"line":6,"column":23},"end":{"line":31,"column":1}},"1":{"start":{"line":7,"column":18},"end":{"line":7,"column":30}},"2":{"start":{"line":9,"column":2},"end":{"line":30,"column":3}}},"fnMap":{"0":{"name":"(anonymous_0)","decl":{"start":{"line":6,"column":23},"end":{"line":6,"column":24}},"loc":{"start":{"line":6,"column":29},"end":{"line":31,"column":1}},"line":6}},"branchMap":{},"s":{"0":1,"1":1,"2":1},"f":{"0":1},"b":{},"_coverageSchema":"1a1c01bbd47fc00a2c39e90264f33305004495a9","hash":"34574de0673ce884f35e05bb7b56b96e40617bd8"}
,"/Users/paulomoutinho/Rocketseat/Ignite/dt-money/src/components/Summary/SummaryCards/index.tsx": {"path":"/Users/paulomoutinho/Rocketseat/Ignite/dt-money/src/components/Summary/SummaryCards/index.tsx","statementMap":{"0":{"start":{"line":12,"column":27},"end":{"line":27,"column":1}},"1":{"start":{"line":18,"column":2},"end":{"line":26,"column":3}}},"fnMap":{"0":{"name":"(anonymous_0)","decl":{"start":{"line":12,"column":27},"end":{"line":12,"column":28}},"loc":{"start":{"line":17,"column":34},"end":{"line":27,"column":1}},"line":17}},"branchMap":{"0":{"loc":{"start":{"line":24,"column":7},"end":{"line":24,"column":63}},"type":"binary-expr","locations":[{"start":{"line":24,"column":7},"end":{"line":24,"column":12}},{"start":{"line":24,"column":16},"end":{"line":24,"column":63}}],"line":24}},"s":{"0":2,"1":5},"f":{"0":5},"b":{"0":[5,5]},"_coverageSchema":"1a1c01bbd47fc00a2c39e90264f33305004495a9","hash":"2cef370a5ce09366b4cfdf5a3a237c4c9dce8fc2"}
,"/Users/paulomoutinho/Rocketseat/Ignite/dt-money/src/components/Transaction/index.tsx": {"path":"/Users/paulomoutinho/Rocketseat/Ignite/dt-money/src/components/Transaction/index.tsx","statementMap":{"0":{"start":{"line":15,"column":27},"end":{"line":41,"column":1}},"1":{"start":{"line":22,"column":2},"end":{"line":40,"column":3}}},"fnMap":{"0":{"name":"(anonymous_0)","decl":{"start":{"line":15,"column":27},"end":{"line":15,"column":28}},"loc":{"start":{"line":21,"column":29},"end":{"line":41,"column":1}},"line":21}},"branchMap":{"0":{"loc":{"start":{"line":30,"column":17},"end":{"line":30,"column":51}},"type":"binary-expr","locations":[{"start":{"line":30,"column":17},"end":{"line":30,"column":43}},{"start":{"line":30,"column":47},"end":{"line":30,"column":51}}],"line":30}},"s":{"0":2,"1":4},"f":{"0":4},"b":{"0":[4,2]},"_coverageSchema":"1a1c01bbd47fc00a2c39e90264f33305004495a9","hash":"d987654c7eed48e7ee0a9e7476b8c40ccf9c46bf"}
,"/Users/paulomoutinho/Rocketseat/Ignite/dt-money/src/context/TransactionContext.tsx": {"path":"/Users/paulomoutinho/Rocketseat/Ignite/dt-money/src/context/TransactionContext.tsx","statementMap":{"0":{"start":{"line":12,"column":35},"end":{"line":12,"column":79}},"1":{"start":{"line":14,"column":36},"end":{"line":81,"column":1}},"2":{"start":{"line":17,"column":42},"end":{"line":17,"column":73}},"3":{"start":{"line":18,"column":26},"end":{"line":18,"column":47}},"4":{"start":{"line":20,"column":28},"end":{"line":63,"column":3}},"5":{"start":{"line":22,"column":6},"end":{"line":60,"column":7}},"6":{"start":{"line":23,"column":25},"end":{"line":27,"column":10}},"7":{"start":{"line":29,"column":8},"end":{"line":32,"column":10}},"8":{"start":{"line":34,"column":8},"end":{"line":34,"column":38}},"9":{"start":{"line":36,"column":8},"end":{"line":39,"column":10}},"10":{"start":{"line":41,"column":8},"end":{"line":59,"column":9}},"11":{"start":{"line":43,"column":29},"end":{"line":43,"column":48}},"12":{"start":{"line":45,"column":10},"end":{"line":58,"column":11}},"13":{"start":{"line":46,"column":12},"end":{"line":50,"column":13}},"14":{"start":{"line":51,"column":17},"end":{"line":58,"column":11}},"15":{"start":{"line":52,"column":12},"end":{"line":52,"column":74}},"16":{"start":{"line":54,"column":12},"end":{"line":57,"column":13}},"17":{"start":{"line":65,"column":2},"end":{"line":71,"column":8}},"18":{"start":{"line":66,"column":4},"end":{"line":66,"column":23}},"19":{"start":{"line":68,"column":4},"end":{"line":70,"column":5}},"20":{"start":{"line":69,"column":6},"end":{"line":69,"column":29}},"21":{"start":{"line":73,"column":2},"end":{"line":80,"column":3}}},"fnMap":{"0":{"name":"(anonymous_0)","decl":{"start":{"line":14,"column":36},"end":{"line":14,"column":37}},"loc":{"start":{"line":16,"column":33},"end":{"line":81,"column":1}},"line":16},"1":{"name":"(anonymous_1)","decl":{"start":{"line":21,"column":4},"end":{"line":21,"column":5}},"loc":{"start":{"line":21,"column":30},"end":{"line":61,"column":5}},"line":21},"2":{"name":"(anonymous_2)","decl":{"start":{"line":65,"column":12},"end":{"line":65,"column":13}},"loc":{"start":{"line":65,"column":18},"end":{"line":71,"column":3}},"line":65},"3":{"name":"(anonymous_3)","decl":{"start":{"line":68,"column":11},"end":{"line":68,"column":12}},"loc":{"start":{"line":68,"column":17},"end":{"line":70,"column":5}},"line":68}},"branchMap":{"0":{"loc":{"start":{"line":41,"column":8},"end":{"line":59,"column":9}},"type":"if","locations":[{"start":{"line":41,"column":8},"end":{"line":59,"column":9}},{"start":{},"end":{}}],"line":41},"1":{"loc":{"start":{"line":45,"column":10},"end":{"line":58,"column":11}},"type":"if","locations":[{"start":{"line":45,"column":10},"end":{"line":58,"column":11}},{"start":{"line":51,"column":17},"end":{"line":58,"column":11}}],"line":45},"2":{"loc":{"start":{"line":51,"column":17},"end":{"line":58,"column":11}},"type":"if","locations":[{"start":{"line":51,"column":17},"end":{"line":58,"column":11}},{"start":{"line":53,"column":17},"end":{"line":58,"column":11}}],"line":51}},"s":{"0":3,"1":3,"2":0,"3":0,"4":0,"5":0,"6":0,"7":0,"8":0,"9":0,"10":0,"11":0,"12":0,"13":0,"14":0,"15":0,"16":0,"17":0,"18":0,"19":0,"20":0,"21":0},"f":{"0":0,"1":0,"2":0,"3":0},"b":{"0":[0,0],"1":[0,0],"2":[0,0]},"_coverageSchema":"1a1c01bbd47fc00a2c39e90264f33305004495a9","hash":"b6246acdcf0a4a765d4d89d5e4c44a420bc8007c"}
,"/Users/paulomoutinho/Rocketseat/Ignite/dt-money/src/pages/Transactions/index.tsx": {"path":"/Users/paulomoutinho/Rocketseat/Ignite/dt-money/src/pages/Transactions/index.tsx","statementMap":{"0":{"start":{"line":8,"column":28},"end":{"line":32,"column":1}},"1":{"start":{"line":9,"column":27},"end":{"line":9,"column":58}},"2":{"start":{"line":11,"column":2},"end":{"line":31,"column":3}},"3":{"start":{"line":18,"column":12},"end":{"line":27,"column":13}}},"fnMap":{"0":{"name":"(anonymous_0)","decl":{"start":{"line":8,"column":28},"end":{"line":8,"column":29}},"loc":{"start":{"line":8,"column":34},"end":{"line":32,"column":1}},"line":8},"1":{"name":"(anonymous_1)","decl":{"start":{"line":17,"column":27},"end":{"line":17,"column":28}},"loc":{"start":{"line":17,"column":44},"end":{"line":28,"column":11}},"line":17}},"branchMap":{"0":{"loc":{"start":{"line":16,"column":7},"end":{"line":29,"column":14}},"type":"cond-expr","locations":[{"start":{"line":17,"column":10},"end":{"line":28,"column":12}},{"start":{"line":29,"column":10},"end":{"line":29,"column":14}}],"line":16}},"s":{"0":1,"1":1,"2":1,"3":2},"f":{"0":1,"1":2},"b":{"0":[1,0]},"_coverageSchema":"1a1c01bbd47fc00a2c39e90264f33305004495a9","hash":"18578a8241078226f48ea4a6d08314d2edb4fb5e"}
}
