{"/Users/paulomoutinho/Rocketseat/Ignite/dt-money/src/components/Colors/index.tsx": {"path":"/Users/paulomoutinho/Rocketseat/Ignite/dt-money/src/components/Colors/index.tsx","statementMap":{"0":{"start":{"line":5,"column":26},"end":{"line":20,"column":1}},"1":{"start":{"line":6,"column":2},"end":{"line":19,"column":4}},"2":{"start":{"line":7,"column":4},"end":{"line":18,"column":5}}},"fnMap":{"0":{"name":"(anonymous_0)","decl":{"start":{"line":5,"column":26},"end":{"line":5,"column":27}},"loc":{"start":{"line":5,"column":32},"end":{"line":20,"column":1}},"line":5},"1":{"name":"(anonymous_1)","decl":{"start":{"line":6,"column":42},"end":{"line":6,"column":43}},"loc":{"start":{"line":6,"column":60},"end":{"line":19,"column":3}},"line":6}},"branchMap":{"0":{"loc":{"start":{"line":10,"column":19},"end":{"line":10,"column":69}},"type":"cond-expr","locations":[{"start":{"line":10,"column":54},"end":{"line":10,"column":60}},{"start":{"line":10,"column":63},"end":{"line":10,"column":69}}],"line":10}},"s":{"0":1,"1":1,"2":16},"f":{"0":1,"1":16},"b":{"0":[6,10]},"_coverageSchema":"1a1c01bbd47fc00a2c39e90264f33305004495a9","hash":"b4e5c66300790a6db14e7b5ae1e89cda15c271e5"}
,"/Users/paulomoutinho/Rocketseat/Ignite/dt-money/src/components/Header/index.tsx": {"path":"/Users/paulomoutinho/Rocketseat/Ignite/dt-money/src/components/Header/index.tsx","statementMap":{"0":{"start":{"line":16,"column":22},"end":{"line":33,"column":1}},"1":{"start":{"line":17,"column":2},"end":{"line":32,"column":3}}},"fnMap":{"0":{"name":"(anonymous_0)","decl":{"start":{"line":16,"column":22},"end":{"line":16,"column":23}},"loc":{"start":{"line":16,"column":64},"end":{"line":33,"column":1}},"line":16}},"branchMap":{},"s":{"0":2,"1":2},"f":{"0":2},"b":{},"_coverageSchema":"1a1c01bbd47fc00a2c39e90264f33305004495a9","hash":"535687e80686c4222fda5d7113a9e44f1fa27476"}
,"/Users/paulomoutinho/Rocketseat/Ignite/dt-money/src/components/NewTransaction/index.tsx": {"path":"/Users/paulomoutinho/Rocketseat/Ignite/dt-money/src/components/NewTransaction/index.tsx","statementMap":{"0":{"start":{"line":15,"column":33},"end":{"line":19,"column":2}},"1":{"start":{"line":23,"column":35},"end":{"line":84,"column":1}},"2":{"start":{"line":28,"column":6},"end":{"line":30,"column":4}},"3":{"start":{"line":32,"column":37},"end":{"line":36,"column":3}},"4":{"start":{"line":33,"column":4},"end":{"line":33,"column":61}},"5":{"start":{"line":33,"column":35},"end":{"line":33,"column":60}},"6":{"start":{"line":35,"column":4},"end":{"line":35,"column":21}},"7":{"start":{"line":38,"column":2},"end":{"line":83,"column":3}}},"fnMap":{"0":{"name":"(anonymous_0)","decl":{"start":{"line":23,"column":35},"end":{"line":23,"column":36}},"loc":{"start":{"line":23,"column":41},"end":{"line":84,"column":1}},"line":23},"1":{"name":"(anonymous_1)","decl":{"start":{"line":32,"column":37},"end":{"line":32,"column":38}},"loc":{"start":{"line":32,"column":79},"end":{"line":36,"column":3}},"line":32},"2":{"name":"(anonymous_2)","decl":{"start":{"line":33,"column":22},"end":{"line":33,"column":23}},"loc":{"start":{"line":33,"column":35},"end":{"line":33,"column":60}},"line":33}},"branchMap":{},"s":{"0":2,"1":2,"2":2,"3":2,"4":0,"5":0,"6":0,"7":2},"f":{"0":2,"1":0,"2":0},"b":{},"_coverageSchema":"1a1c01bbd47fc00a2c39e90264f33305004495a9","hash":"7fa31413fd8979cbfd48bae19f4b7b1e8bc72858"}
,"/Users/paulomoutinho/Rocketseat/Ignite/dt-money/src/components/SearchForm/index.tsx": {"path":"/Users/paulomoutinho/Rocketseat/Ignite/dt-money/src/components/SearchForm/index.tsx","statementMap":{"0":{"start":{"line":8,"column":25},"end":{"line":10,"column":2}},"1":{"start":{"line":14,"column":26},"end":{"line":42,"column":1}},"2":{"start":{"line":19,"column":6},"end":{"line":21,"column":4}},"3":{"start":{"line":23,"column":35},"end":{"line":27,"column":3}},"4":{"start":{"line":24,"column":4},"end":{"line":24,"column":61}},"5":{"start":{"line":24,"column":35},"end":{"line":24,"column":60}},"6":{"start":{"line":26,"column":4},"end":{"line":26,"column":21}},"7":{"start":{"line":29,"column":2},"end":{"line":41,"column":3}}},"fnMap":{"0":{"name":"(anonymous_0)","decl":{"start":{"line":14,"column":26},"end":{"line":14,"column":27}},"loc":{"start":{"line":14,"column":32},"end":{"line":42,"column":1}},"line":14},"1":{"name":"(anonymous_1)","decl":{"start":{"line":23,"column":35},"end":{"line":23,"column":36}},"loc":{"start":{"line":23,"column":69},"end":{"line":27,"column":3}},"line":23},"2":{"name":"(anonymous_2)","decl":{"start":{"line":24,"column":22},"end":{"line":24,"column":23}},"loc":{"start":{"line":24,"column":35},"end":{"line":24,"column":60}},"line":24}},"branchMap":{},"s":{"0":2,"1":2,"2":3,"3":3,"4":0,"5":0,"6":0,"7":3},"f":{"0":3,"1":0,"2":0},"b":{},"_coverageSchema":"1a1c01bbd47fc00a2c39e90264f33305004495a9","hash":"c5659fd98310cb4255f6b9a0ac3357ff13899ad7"}
,"/Users/paulomoutinho/Rocketseat/Ignite/dt-money/src/components/Summary/index.tsx": {"path":"/Users/paulomoutinho/Rocketseat/Ignite/dt-money/src/components/Summary/index.tsx","statementMap":{"0":{"start":{"line":6,"column":23},"end":{"line":31,"column":1}},"1":{"start":{"line":7,"column":37},"end":{"line":7,"column":49}},"2":{"start":{"line":9,"column":2},"end":{"line":30,"column":3}}},"fnMap":{"0":{"name":"(anonymous_0)","decl":{"start":{"line":6,"column":23},"end":{"line":6,"column":24}},"loc":{"start":{"line":6,"column":29},"end":{"line":31,"column":1}},"line":6}},"branchMap":{},"s":{"0":1,"1":1,"2":1},"f":{"0":1},"b":{},"_coverageSchema":"1a1c01bbd47fc00a2c39e90264f33305004495a9","hash":"b353d71cf7261fa1c0e2d425aab68f920ebce640"}
,"/Users/paulomoutinho/Rocketseat/Ignite/dt-money/src/components/Summary/SummaryCards/index.tsx": {"path":"/Users/paulomoutinho/Rocketseat/Ignite/dt-money/src/components/Summary/SummaryCards/index.tsx","statementMap":{"0":{"start":{"line":12,"column":27},"end":{"line":27,"column":1}},"1":{"start":{"line":18,"column":2},"end":{"line":26,"column":3}}},"fnMap":{"0":{"name":"(anonymous_0)","decl":{"start":{"line":12,"column":27},"end":{"line":12,"column":28}},"loc":{"start":{"line":17,"column":34},"end":{"line":27,"column":1}},"line":17}},"branchMap":{},"s":{"0":2,"1":5},"f":{"0":5},"b":{},"_coverageSchema":"1a1c01bbd47fc00a2c39e90264f33305004495a9","hash":"9078927d2546622dabd673dcb5e3b2ed6bc0eb8e"}
,"/Users/paulomoutinho/Rocketseat/Ignite/dt-money/src/components/Transaction/index.tsx": {"path":"/Users/paulomoutinho/Rocketseat/Ignite/dt-money/src/components/Transaction/index.tsx","statementMap":{"0":{"start":{"line":15,"column":27},"end":{"line":41,"column":1}},"1":{"start":{"line":22,"column":2},"end":{"line":40,"column":3}}},"fnMap":{"0":{"name":"(anonymous_0)","decl":{"start":{"line":15,"column":27},"end":{"line":15,"column":28}},"loc":{"start":{"line":21,"column":29},"end":{"line":41,"column":1}},"line":21}},"branchMap":{"0":{"loc":{"start":{"line":30,"column":17},"end":{"line":30,"column":51}},"type":"binary-expr","locations":[{"start":{"line":30,"column":17},"end":{"line":30,"column":43}},{"start":{"line":30,"column":47},"end":{"line":30,"column":51}}],"line":30}},"s":{"0":2,"1":4},"f":{"0":4},"b":{"0":[4,2]},"_coverageSchema":"1a1c01bbd47fc00a2c39e90264f33305004495a9","hash":"d987654c7eed48e7ee0a9e7476b8c40ccf9c46bf"}
,"/Users/paulomoutinho/Rocketseat/Ignite/dt-money/src/contexts/TransactionContext.tsx": {"path":"/Users/paulomoutinho/Rocketseat/Ignite/dt-money/src/contexts/TransactionContext.tsx","statementMap":{"0":{"start":{"line":20,"column":35},"end":{"line":20,"column":78}},"1":{"start":{"line":22,"column":36},"end":{"line":43,"column":1}},"2":{"start":{"line":25,"column":42},"end":{"line":25,"column":73}},"3":{"start":{"line":27,"column":27},"end":{"line":32,"column":3}},"4":{"start":{"line":28,"column":31},"end":{"line":28,"column":80}},"5":{"start":{"line":29,"column":36},"end":{"line":29,"column":57}},"6":{"start":{"line":31,"column":4},"end":{"line":31,"column":25}},"7":{"start":{"line":34,"column":2},"end":{"line":36,"column":8}},"8":{"start":{"line":35,"column":4},"end":{"line":35,"column":22}},"9":{"start":{"line":38,"column":2},"end":{"line":42,"column":3}}},"fnMap":{"0":{"name":"(anonymous_0)","decl":{"start":{"line":22,"column":36},"end":{"line":22,"column":37}},"loc":{"start":{"line":24,"column":33},"end":{"line":43,"column":1}},"line":24},"1":{"name":"(anonymous_1)","decl":{"start":{"line":27,"column":27},"end":{"line":27,"column":28}},"loc":{"start":{"line":27,"column":39},"end":{"line":32,"column":3}},"line":27},"2":{"name":"(anonymous_2)","decl":{"start":{"line":34,"column":12},"end":{"line":34,"column":13}},"loc":{"start":{"line":34,"column":18},"end":{"line":36,"column":3}},"line":34}},"branchMap":{},"s":{"0":1,"1":1,"2":0,"3":0,"4":0,"5":0,"6":0,"7":0,"8":0,"9":0},"f":{"0":0,"1":0,"2":0},"b":{},"_coverageSchema":"1a1c01bbd47fc00a2c39e90264f33305004495a9","hash":"dd276986a75f9cbf976a99325ed7a2c99afbc67c"}
,"/Users/paulomoutinho/Rocketseat/Ignite/dt-money/src/pages/Transactions/index.tsx": {"path":"/Users/paulomoutinho/Rocketseat/Ignite/dt-money/src/pages/Transactions/index.tsx","statementMap":{"0":{"start":{"line":8,"column":28},"end":{"line":30,"column":1}},"1":{"start":{"line":9,"column":27},"end":{"line":9,"column":58}},"2":{"start":{"line":11,"column":2},"end":{"line":29,"column":3}},"3":{"start":{"line":17,"column":8},"end":{"line":26,"column":9}}},"fnMap":{"0":{"name":"(anonymous_0)","decl":{"start":{"line":8,"column":28},"end":{"line":8,"column":29}},"loc":{"start":{"line":8,"column":34},"end":{"line":30,"column":1}},"line":8},"1":{"name":"(anonymous_1)","decl":{"start":{"line":16,"column":24},"end":{"line":16,"column":25}},"loc":{"start":{"line":16,"column":41},"end":{"line":27,"column":7}},"line":16}},"branchMap":{},"s":{"0":1,"1":1,"2":1,"3":2},"f":{"0":1,"1":2},"b":{},"_coverageSchema":"1a1c01bbd47fc00a2c39e90264f33305004495a9","hash":"0c9a223dcda837598e02cdcb6341933f72775290"}
}
