TN:
SF:src/components/Colors/index.tsx
FN:5,(anonymous_0)
FN:6,(anonymous_1)
FNF:2
FNH:2
FNDA:1,(anonymous_0)
FNDA:16,(anonymous_1)
DA:5,1
DA:6,1
DA:7,16
LF:3
LH:3
BRDA:10,0,0,6
BRDA:10,0,1,10
BRF:2
BRH:2
end_of_record
TN:
SF:src/components/Header/index.tsx
FN:16,(anonymous_0)
FNF:1
FNH:1
FNDA:2,(anonymous_0)
DA:16,2
DA:17,2
LF:2
LH:2
BRF:0
BRH:0
end_of_record
TN:
SF:src/components/NewTransaction/index.tsx
FN:24,(anonymous_0)
FN:35,(anonymous_1)
FN:37,(anonymous_2)
FN:76,(anonymous_3)
FNF:4
FNH:1
FNDA:3,(anonymous_0)
FNDA:0,(anonymous_1)
FNDA:0,(anonymous_2)
FNDA:0,(anonymous_3)
DA:15,3
DA:24,3
DA:30,3
DA:35,3
DA:36,0
DA:37,0
DA:39,0
DA:41,0
DA:45,3
DA:77,0
LF:10
LH:5
BRF:0
BRH:0
end_of_record
TN:
SF:src/components/SearchForm/index.tsx
FN:16,(anonymous_0)
FN:27,(anonymous_1)
FNF:2
FNH:2
FNDA:7,(anonymous_0)
FNDA:2,(anonymous_1)
DA:10,2
DA:16,2
DA:17,7
DA:23,7
DA:27,7
DA:28,2
DA:29,1
DA:32,2
DA:35,7
LF:9
LH:9
BRDA:28,0,0,1
BRDA:28,0,1,1
BRF:2
BRH:2
end_of_record
TN:
SF:src/components/Summary/index.tsx
FN:6,(anonymous_0)
FNF:1
FNH:1
FNDA:1,(anonymous_0)
DA:6,1
DA:7,1
DA:9,1
LF:3
LH:3
BRF:0
BRH:0
end_of_record
TN:
SF:src/components/Summary/SummaryCards/index.tsx
FN:12,(anonymous_0)
FNF:1
FNH:1
FNDA:5,(anonymous_0)
DA:12,2
DA:18,5
LF:2
LH:2
BRF:0
BRH:0
end_of_record
TN:
SF:src/components/Transaction/index.tsx
FN:15,(anonymous_0)
FNF:1
FNH:1
FNDA:4,(anonymous_0)
DA:15,2
DA:22,4
LF:2
LH:2
BRDA:30,0,0,4
BRDA:30,0,1,2
BRF:2
BRH:2
end_of_record
TN:
SF:src/contexts/TransactionContext.tsx
FN:21,(anonymous_0)
FN:26,(anonymous_1)
FN:39,(anonymous_2)
FNF:3
FNH:0
FNDA:0,(anonymous_0)
FNDA:0,(anonymous_1)
FNDA:0,(anonymous_2)
DA:19,3
DA:21,3
DA:24,0
DA:26,0
DA:27,0
DA:29,0
DA:30,0
DA:33,0
DA:34,0
DA:36,0
DA:39,0
DA:40,0
DA:43,0
LF:13
LH:2
BRDA:29,0,0,0
BRDA:29,0,1,0
BRF:2
BRH:0
end_of_record
TN:
SF:src/pages/Transactions/index.tsx
FN:8,(anonymous_0)
FN:16,(anonymous_1)
FNF:2
FNH:2
FNDA:1,(anonymous_0)
FNDA:2,(anonymous_1)
DA:8,1
DA:9,1
DA:11,1
DA:17,2
LF:4
LH:4
BRF:0
BRH:0
end_of_record
